<?xml version="1.0" encoding="UTF-8"?>
<testsuite xmlns:xsi="http://www.w3.org/2001/XMLSchema-instance" xsi:noNamespaceSchemaLocation="https://maven.apache.org/surefire/maven-surefire-plugin/xsd/surefire-test-report.xsd" version="3.0.2" name="com.swaglabs.runner.TestRunner" time="37.219" tests="19" errors="0" skipped="18" failures="0">
  <properties>
[...]
</properties>
  <testcase name="Example #1.1" classname="TestRunner" time="0.0">
    <skipped message="&apos;cucumber.filter.tags=( @login and @sc-login-002 )&apos; did not match this scenario"/>
  </testcase>
  <testcase name="Example #1.1" classname="TestRunner" time="0.0">
    <skipped message="&apos;cucumber.filter.tags=( @login and @sc-login-002 )&apos; did not match this scenario"/>
  </testcase>
  <testcase name="Example #1.2" classname="TestRunner" time="0.0">
    <skipped message="&apos;cucumber.filter.tags=( @login and @sc-login-002 )&apos; did not match this scenario"/>
  </testcase>
  <testcase name="Example #1.2" classname="TestRunner" time="0.0">
    <skipped message="&apos;cucumber.filter.tags=( @login and @sc-login-002 )&apos; did not match this scenario"/>
  </testcase>
  <testcase name="User can remove an item from the cart" classname="TestRunner" time="0.0">
    <skipped message="&apos;cucumber.filter.tags=( @login and @sc-login-002 )&apos; did not match this scenario"/>
  </testcase>
  <testcase name="Standard user can log in successfully" classname="TestRunner" time="0.0">
    <skipped message="&apos;cucumber.filter.tags=( @login and @sc-login-002 )&apos; did not match this scenario"/>
  </testcase>
  <testcase name="Locked out user is blocked from logging in" classname="TestRunner" time="35.437">
    <system-out><![CDATA[
@login @smoke @sanity @sc-login-002
&amp#27;[1mScenario:&amp#27;[22m Locked out user is blocked from logging in                                                &amp#27;[90m# src/test/resources/features/login.feature:16&amp#27;[39m
Tried to attach logging to file 'C:\Users\family\Desktop\projects\swag-labs-mobile-nwdfew\target\appium-logs\appium.log' but an error occurred: EBUSY: resource busy or locked, unlink 'C:\Users\family\Desktop\projects\swag-labs-mobile-nwdfew\target\appium-logs\appium.log'
&amp#27;[38;5;156m[69d9a5ca]&amp#27;[0m&amp#27;[38;5;-96m[AndroidUiautomator2Driver@78c9]&amp#27;[0m The GET /session/:sessionId/context endpoint has been deprecated and will be removed in a future version of Appium or your driver/plugin. Please use a different endpoint or contact the driver/plugin author to add explicit support for the endpoint before it is removed
  &amp#27;[32m✔&amp#27;[39m &amp#27;[32m&amp#27;[1mGiven &amp#27;[22mI am on the login page&amp#27;[39m                                                                    &amp#27;[90m# com.swaglabs.stepsDefs.LoginStepsDefs.iAmOnTheLoginPage()&amp#27;[39m
  &amp#27;[32m✔&amp#27;[39m &amp#27;[32m&amp#27;[1mWhen &amp#27;[22mI login as &amp#27;[1mlocked_out_user&amp#27;[22m&amp#27;[39m                                                                 &amp#27;[90m# com.swaglabs.stepsDefs.LoginStepsDefs.iLoginAs(java.lang.String)&amp#27;[39m
  &amp#27;[32m✔&amp#27;[39m &amp#27;[32m&amp#27;[1mThen &amp#27;[22mI should see the login error message &amp#27;[1m"Epic sadface: Sorry, this user has been locked out."&amp#27;[22m&amp#27;[39m &amp#27;[90m# com.swaglabs.stepsDefs.LoginStepsDefs.iShouldSeeTheLoginErrorMessage(java.lang.String)&amp#27;[39m
  &amp#27;[32m✔&amp#27;[39m &amp#27;[32m&amp#27;[1mAnd &amp#27;[22mI should remain on the login page&amp#27;[39m                                                           &amp#27;[90m# com.swaglabs.stepsDefs.LoginStepsDefs.iShouldRemainOnTheLoginPage()&amp#27;[39m
]]></system-out>
  </testcase>
  <testcase name="Login with empty credentials is rejected" classname="TestRunner" time="0.0">
    <skipped message="&apos;cucumber.filter.tags=( @login and @sc-login-002 )&apos; did not match this scenario"/>
  </testcase>
  <testcase name="Wrong password is rejected" classname="TestRunner" time="0.0">
    <skipped message="&apos;cucumber.filter.tags=( @login and @sc-login-002 )&apos; did not match this scenario"/>
  </testcase>
  <testcase name="Username only (no password) is rejected" classname="TestRunner" time="0.0">
    <skipped message="&apos;cucumber.filter.tags=( @login and @sc-login-002 )&apos; did not match this scenario"/>
  </testcase>
  <testcase name="Password only (no username) is rejected" classname="TestRunner" time="0.0">
    <skipped message="&apos;cucumber.filter.tags=( @login and @sc-login-002 )&apos; did not match this scenario"/>
  </testcase>
  <testcase name="User can see the product catalog after login" classname="TestRunner" time="0.0">
    <skipped message="&apos;cucumber.filter.tags=( @login and @sc-login-002 )&apos; did not match this scenario"/>
  </testcase>
  <testcase name="User can add a product to the cart" classname="TestRunner" time="0.0">
    <skipped message="&apos;cucumber.filter.tags=( @login and @sc-login-002 )&apos; did not match this scenario"/>
  </testcase>
  <testcase name="User can open a product and view its details" classname="TestRunner" time="0.0">
    <skipped message="&apos;cucumber.filter.tags=( @login and @sc-login-002 )&apos; did not match this scenario"/>
  </testcase>
  <testcase name="User can add a product from its detail page" classname="TestRunner" time="0.0">
    <skipped message="&apos;cucumber.filter.tags=( @login and @sc-login-002 )&apos; did not match this scenario"/>
  </testcase>
  <testcase name="Products sorted by default (Name A-Z)" classname="TestRunner" time="0.0">
    <skipped message="&apos;cucumber.filter.tags=( @login and @sc-login-002 )&apos; did not match this scenario"/>
  </testcase>
  <testcase name="Example #1.1: Sort products by Price (low to high)" classname="TestRunner" time="0.0">
    <skipped message="&apos;cucumber.filter.tags=( @login and @sc-login-002 )&apos; did not match this scenario"/>
  </testcase>
  <testcase name="Example #1.2: Sort products by Price (high to low)" classname="TestRunner" time="0.0">
    <skipped message="&apos;cucumber.filter.tags=( @login and @sc-login-002 )&apos; did not match this scenario"/>
  </testcase>
  <testcase name="Example #1.3: Sort products by Name (Z to A)" classname="TestRunner" time="0.0">
    <skipped message="&apos;cucumber.filter.tags=( @login and @sc-login-002 )&apos; did not match this scenario"/>
  </testcase>
</testsuite>